<?xml version="1.0" encoding="UTF-8"?>
<testsuite xmlns:xsi="http://www.w3.org/2001/XMLSchema-instance" xsi:noNamespaceSchemaLocation="https://maven.apache.org/surefire/maven-surefire-plugin/xsd/surefire-test-report-3.0.xsd" version="3.0" name="br.org.sesisenai.DoaVille.DoaVilleApplicationTests" time="7.11" tests="1" errors="0" skipped="0" failures="0">
  <properties>
[...]
</properties>
  <testcase name="contextLoads" classname="br.org.sesisenai.DoaVille.DoaVilleApplicationTests" time="0.474">
    <system-out><![CDATA[13:54:13.770 [main] INFO org.springframework.test.context.support.AnnotationConfigContextLoaderUtils -- Could not detect default configuration classes for test class [br.org.sesisenai.DoaVille.DoaVilleApplicationTests]: DoaVilleApplicationTests does not declare any static, non-private, non-final, nested classes annotated with @Configuration.
13:54:13.924 [main] INFO org.springframework.boot.test.context.SpringBootTestContextBootstrapper -- Found @SpringBootConfiguration br.org.sesisenai.DoaVille.DoaVilleApplication for test class br.org.sesisenai.DoaVille.DoaVilleApplicationTests

  .   ____          _            __ _ _
 /\\ / ___'_ __ _ _(_)_ __  __ _ \ \ \ \
( ( )\___ | '_ | '_| | '_ \/ _` | \ \ \ \
 \\/  ___)| |_)| | | | | || (_| |  ) ) ) )
  '  |____| .__|_| |_|_| |_\__, | / / / /
 =========|_|==============|___/=/_/_/_/
 :: Spring Boot ::                (v3.2.5)

2025-05-18T13:54:14.508-03:00  INFO 137384 --- [           main] b.o.s.R.DoaVilleApplicationTests     : Starting DoaVilleApplicationTests using Java 21.0.7 with PID 137384 (started by red-dragon in /home/red-dragon/IdeaProjects/ProjetoAvaliativoII-JMT)
2025-05-18T13:54:14.510-03:00  INFO 137384 --- [           main] b.o.s.R.DoaVilleApplicationTests     : No active profile set, falling back to 1 default profile: "default"
2025-05-18T13:54:15.484-03:00  INFO 137384 --- [           main] .s.d.r.c.RepositoryConfigurationDelegate : Bootstrapping Spring Data JPA repositories in DEFAULT mode.
2025-05-18T13:54:15.566-03:00  INFO 137384 --- [           main] .s.d.r.c.RepositoryConfigurationDelegate : Finished Spring Data repository scanning in 71 ms. Found 4 JPA repository interfaces.
2025-05-18T13:54:16.331-03:00  INFO 137384 --- [           main] o.hibernate.jpa.internal.util.LogHelper  : HHH000204: Processing PersistenceUnitInfo [name: default]
2025-05-18T13:54:16.424-03:00  INFO 137384 --- [           main] org.hibernate.Version                    : HHH000412: Hibernate ORM core version 6.4.4.Final
2025-05-18T13:54:16.480-03:00  INFO 137384 --- [           main] o.h.c.internal.RegionFactoryInitiator    : HHH000026: Second-level cache disabled
2025-05-18T13:54:16.937-03:00  INFO 137384 --- [           main] o.s.o.j.p.SpringPersistenceUnitInfo      : No LoadTimeWeaver setup: ignoring JPA class transformer
2025-05-18T13:54:16.998-03:00  INFO 137384 --- [           main] com.zaxxer.hikari.HikariDataSource       : HikariPool-1 - Starting...
2025-05-18T13:54:17.319-03:00  INFO 137384 --- [           main] com.zaxxer.hikari.pool.HikariPool        : HikariPool-1 - Added connection org.postgresql.jdbc.PgConnection@44fb6ebd
2025-05-18T13:54:17.323-03:00  INFO 137384 --- [           main] com.zaxxer.hikari.HikariDataSource       : HikariPool-1 - Start completed.
2025-05-18T13:54:17.383-03:00  WARN 137384 --- [           main] org.hibernate.orm.deprecation            : HHH90000025: PostgreSQLDialect does not need to be specified explicitly using 'hibernate.dialect' (remove the property setting and it will be selected by default)
2025-05-18T13:54:18.601-03:00  INFO 137384 --- [           main] o.h.e.t.j.p.i.JtaPlatformInitiator       : HHH000489: No JTA platform available (set 'hibernate.transaction.jta.platform' to enable JTA platform integration)
2025-05-18T13:54:18.678-03:00  INFO 137384 --- [           main] j.LocalContainerEntityManagerFactoryBean : Initialized JPA EntityManagerFactory for persistence unit 'default'
2025-05-18T13:54:19.151-03:00  WARN 137384 --- [           main] JpaBaseConfiguration$JpaWebConfiguration : spring.jpa.open-in-view is enabled by default. Therefore, database queries may be performed during view rendering. Explicitly configure spring.jpa.open-in-view to disable this warning
2025-05-18T13:54:19.493-03:00  INFO 137384 --- [           main] o.s.s.web.DefaultSecurityFilterChain     : Will secure Or [Mvc [pattern='/**']] with [org.springframework.security.web.session.DisableEncodeUrlFilter@6e5df971, org.springframework.security.web.context.request.async.WebAsyncManagerIntegrationFilter@3c7787a7, org.springframework.security.web.context.SecurityContextHolderFilter@2b569858, org.springframework.security.web.header.HeaderWriterFilter@732bb49d, org.springframework.web.filter.CorsFilter@2ca464bb, org.springframework.security.web.authentication.logout.LogoutFilter@6c120b00, br.org.sesisenai.DoaVille.security.JwtFilter@1c879f07, org.springframework.security.web.savedrequest.RequestCacheAwareFilter@41d8ac75, org.springframework.security.web.servletapi.SecurityContextHolderAwareRequestFilter@1e1d813a, org.springframework.security.web.authentication.AnonymousAuthenticationFilter@4767be27, org.springframework.security.web.session.SessionManagementFilter@491f3fb0, org.springframework.security.web.access.ExceptionTranslationFilter@45e68fac, org.springframework.security.web.access.intercept.AuthorizationFilter@53202b06]
2025-05-18T13:54:19.821-03:00  INFO 137384 --- [           main] b.o.s.R.DoaVilleApplicationTests     : Started DoaVilleApplicationTests in 5.689 seconds (process running for 6.957)

===== INICIALIZAÇÃO DO BANCO DE DADOS =====
Hibernate: 
    select
        u1_0.id,
        u1_0.cliente_id,
        u1_0.email,
        u1_0.nome,
        u1_0.nome_usuario,
        u1_0.perfil,
        u1_0.senha 
    from
        usuario u1_0
Usuário administrador já existe no banco de dados.
===== INICIALIZAÇÃO CONCLUÍDA =====

Hibernate: 
    select
        u1_0.id,
        u1_0.cliente_id,
        u1_0.email,
        u1_0.nome,
        u1_0.nome_usuario,
        u1_0.perfil,
        u1_0.senha 
    from
        usuario u1_0 
    where
        u1_0.nome_usuario=?
Hibernate: 
    select
        u1_0.id,
        u1_0.cliente_id,
        u1_0.email,
        u1_0.nome,
        u1_0.nome_usuario,
        u1_0.perfil,
        u1_0.senha 
    from
        usuario u1_0

===== DIAGNÓSTICO DE AUTENTICAÇÃO =====
Total de usuários no banco: 3

Usuários existentes:
ID: 2 | Nome: Administrador | Email: null | NomeUsuario: admin | Perfil: ADMIN | Senha (hash): $2a$10$s.Q...
ID: 3 | Nome: Usuário de Teste | Email: teste@email.com | NomeUsuario: teste@email.com | Perfil: ADMIN | Senha (hash): $2a$10$BtJ...
ID: 1 | Nome: Administrador | Email: admin@email.com | NomeUsuario: admin@email.com | Perfil: ADMIN | Senha (hash): $2a$10$M.c...
Hibernate: 
    select
        u1_0.id,
        u1_0.cliente_id,
        u1_0.email,
        u1_0.nome,
        u1_0.nome_usuario,
        u1_0.perfil,
        u1_0.senha 
    from
        usuario u1_0 
    where
        u1_0.email=?
Hibernate: 
    select
        u1_0.id,
        u1_0.cliente_id,
        u1_0.email,
        u1_0.nome,
        u1_0.nome_usuario,
        u1_0.perfil,
        u1_0.senha 
    from
        usuario u1_0 
    where
        u1_0.email=?
Hibernate: 
    select
        u1_0.id,
        c1_0.id,
        c1_0.atividade_economica,
        c1_0.cnpj,
        c1_0.nome,
        c1_0.responsavel,
        d1_0.cliente_id,
        d1_0.id,
        d1_0.data_declaracao,
        d1_0.data_fim_periodo,
        d1_0.data_inicio_periodo,
        d1_0.total_compensacao,
        d1_0.total_materiais,
        u1_0.email,
        u1_0.nome,
        u1_0.nome_usuario,
        u1_0.perfil,
        u1_0.senha 
    from
        usuario u1_0 
    left join
        cliente c1_0 
            on c1_0.id=u1_0.cliente_id 
    left join
        declaracao d1_0 
            on c1_0.id=d1_0.cliente_id 
    where
        u1_0.id=?
Hibernate: 
    update
        usuario 
    set
        cliente_id=?,
        email=?,
        nome=?,
        nome_usuario=?,
        perfil=?,
        senha=? 
    where
        id=?

Usuário de teste atualizado com sucesso:
Email: teste@email.com
Senha (texto): 123456
Senha (hash): $2a$10$2RKOXUf7wmW3/Z29YLkmguY.n1zoJJIqHkfEGCeaw4sz51wq0QBpW
Hibernate: 
    select
        u1_0.id,
        u1_0.cliente_id,
        u1_0.email,
        u1_0.nome,
        u1_0.nome_usuario,
        u1_0.perfil,
        u1_0.senha 
    from
        usuario u1_0 
    where
        u1_0.email=?
Hibernate: 
    select
        u1_0.id,
        c1_0.id,
        c1_0.atividade_economica,
        c1_0.cnpj,
        c1_0.nome,
        c1_0.responsavel,
        d1_0.cliente_id,
        d1_0.id,
        d1_0.data_declaracao,
        d1_0.data_fim_periodo,
        d1_0.data_inicio_periodo,
        d1_0.total_compensacao,
        d1_0.total_materiais,
        u1_0.email,
        u1_0.nome,
        u1_0.nome_usuario,
        u1_0.perfil,
        u1_0.senha 
    from
        usuario u1_0 
    left join
        cliente c1_0 
            on c1_0.id=u1_0.cliente_id 
    left join
        declaracao d1_0 
            on c1_0.id=d1_0.cliente_id 
    where
        u1_0.id=?
Hibernate: 
    update
        usuario 
    set
        cliente_id=?,
        email=?,
        nome=?,
        nome_usuario=?,
        perfil=?,
        senha=? 
    where
        id=?

Usuário admin atualizado com sucesso!
Email: admin@email.com
NomeUsuario: admin@email.com
Senha: 123456

===== INSTRUÇÕES DE TESTE =====
1. Tente fazer login com o usuário de teste:
   Endpoint: /auth/login
   Payload: { "email": "teste@email.com", "senha": "123456" }

2. Tente fazer login com o usuário admin:
   Endpoint: /auth/login
   Payload: { "email": "admin@email.com", "senha": "123456" }

===== FIM DO DIAGNÓSTICO =====

]]></system-out>
    <system-err><![CDATA[WARNING: A Java agent has been loaded dynamically (/home/red-dragon/.m2/repository/net/bytebuddy/byte-buddy-agent/1.14.13/byte-buddy-agent-1.14.13.jar)
WARNING: If a serviceability tool is in use, please run with -XX:+EnableDynamicAgentLoading to hide this warning
WARNING: If a serviceability tool is not in use, please run with -Djdk.instrument.traceUsage for more information
WARNING: Dynamic loading of agents will be disallowed by default in a future release
]]></system-err>
  </testcase>
</testsuite>